C51 COMPILER V9.60.0.0   MAIN                                                              11/06/2020 15:54:34 PAGE 1   


C51 COMPILER V9.60.0.0, COMPILATION OF MODULE MAIN
OBJECT MODULE PLACED IN .\Objects\main.obj
COMPILER INVOKED BY: C:\Keil_v5\C51\BIN\C51.EXE main.c OPTIMIZE(8,SPEED) BROWSE INCDIR(.\Include) DEBUG OBJECTEXTEND PRI
                    -NT(.\Listings\main.lst) TABS(2) OBJECT(.\Objects\main.obj)

line level    source

   1          #include "N76E003.h"
   2          #include "SFR_Macro.h"
   3          #include "Function_define.h"
   4          #include "Common.h"
   5          #include "Delay.h"
   6          
   7          void delay(unsigned int time){
   8   1        unsigned int i,j;
   9   1        for(i = 0; i<time; i++){
  10   2          for(j=0; j<123; j++);
  11   2        }
  12   1      }
  13          
  14          void hieuung1(){
  15   1        int i;
  16   1        for(i=0; i<8; i++){
  17   2          P0=P1=0x01<<i;
  18   2          delay(1000);
  19   2        }
  20   1      }
  21          
  22          void hieuung2(){
  23   1        int i;
  24   1        for(i=0; i<8; i++){
  25   2          P0=P1=0x80>>i;
  26   2          delay(1000);
  27   2        }
  28   1      }
  29          
  30          void hieuung3(){
  31   1        int i;
  32   1        P0=P1=0x00;
  33   1        for(i=0; i<8; i++){
  34   2          P0=P1=P0|(0x01<<i);
  35   2          delay(1000);
  36   2        }
  37   1      }
  38          
  39          void hieuung4(){
  40   1        int i;
  41   1        P0=P1=0x00;
  42   1        for(i=0; i<8; i++){
  43   2          P0=P1=P0|(0x80>>i);
  44   2          delay(1000);
  45   2        }
  46   1      }
  47          
  48          // lap trinh hieu ung sang tung led 1;
  49          void sangtungled(){
  50   1        int i;
  51   1        P0=P1 = 0x00; // tat tat ca cac led o cong P0;
  52   1        for(i=0; i<8; i++){
  53   2           P0=P1 = 0x01<<i;
  54   2           /*
C51 COMPILER V9.60.0.0   MAIN                                                              11/06/2020 15:54:34 PAGE 2   

  55   2            P0=0x00;
  56   2          i=0: P0 = 0x01<<0 = 0x01;
  57   2          i=1: P0 = 0x01<<1 = 0000 0001 << 1 = 0000 0010;
  58   2          ...
  59   2          i=7: P0 = 0x01<<7 = 0000 0001 << 7 = 1000 0000= 0x80;
  60   2           */
  61   2           delay(1000);
  62   2        }      
  63   1        // ket thuc vong for ben tren thi P0= 0x80;
  64   1          for(i=0; i<8; i++){
  65   2            P0=P1 = 0x80 >> i;  
  66   2            delay(1000);
  67   2          }
  68   1          
  69   1      }
  70          
  71          void sangdan(){
  72   1        int i;
  73   1        P0=P1= 0x00;
  74   1        for(i=0; i<8; i++){
  75   2          P0=P1= P0|(0x01<<i);
  76   2          delay(1000);
  77   2        }
  78   1        for(i=0; i<8; i++){
  79   2          P0=P1 = P0&(0x7f>>i);
  80   2          delay(1000);
  81   2        }
  82   1      }
  83          
  84              // Hieu ung chop tat 1: Ca 8 LED sang, ca 8 LED tat
  85          void hieuung5(){
  86   1        int i;
  87   1        P0=P1= 0x00;
  88   1          for(i=0;i<5;i++)
  89   1          {
  90   2            P0=P1 = 0x00;
  91   2            delay(1000);
  92   2            P0=P1 = 0xFF;
  93   2            delay(1000);
  94   2          }
  95   1      }
  96          
  97              // Hieu ung chop tat 2: 4 bong dau sang, 4 bong sau tat. 4 bong dau tat, 4 bong sau sang
  98          void hieuung6(){
  99   1        int i;
 100   1        P0=P1= 0x00;
 101   1          for(i=0;i<5;i++)
 102   1          {
 103   2            P0=P1 = 0x0F;
 104   2            delay(1000);
 105   2            P0=P1 = 0xF0;
 106   2            delay(1000);
 107   2          }
 108   1      }
 109          
 110              // Hieu ung chop tat 3
 111          void hieuung7(){
 112   1        int i;
 113   1        P0= 0x00;
 114   1          for(i=0;i<5;i++)
 115   1          {
 116   2            P0=P1 = 0x55;
C51 COMPILER V9.60.0.0   MAIN                                                              11/06/2020 15:54:34 PAGE 3   

 117   2            delay(1000);
 118   2            P0=P1 = 0xAA;
 119   2            delay(1000);
 120   2          }
 121   1      }
 122          
 123          int main(){
 124   1        int i;
 125   1        P0=P1 = 0x00;
 126   1        Set_All_GPIO_Quasi_Mode;
 127   1        while(1){
 128   2              hieuung1();
 129   2              hieuung2();
 130   2              hieuung3();
 131   2              hieuung4();
 132   2              sangtungled();
 133   2              sangdan();
 134   2              hieuung5();
 135   2              hieuung6();
 136   2              hieuung7();
 137   2          }
 138   1      }
*** WARNING C280 IN LINE 124 OF main.c: 'i': unreferenced local variable
 139          
 140          // Software based delay. Time is not accurate.


MODULE INFORMATION:   STATIC OVERLAYABLE
   CODE SIZE        =    472    ----
   CONSTANT SIZE    =   ----    ----
   XDATA SIZE       =   ----    ----
   PDATA SIZE       =   ----    ----
   DATA SIZE        =   ----       2
   IDATA SIZE       =   ----    ----
   BIT SIZE         =   ----    ----
END OF MODULE INFORMATION.


C51 COMPILATION COMPLETE.  1 WARNING(S),  0 ERROR(S)
